<?xml version="1.0" encoding="UTF-8"?>
<!-- Generated by org.testng.reporters.JUnitXMLReporter -->
<testsuite ignored="0" hostname="Diggory" failures="0" tests="3" name="Surefire test" time="11.726" errors="0" timestamp="2024-06-11T23:20:23 ICT">
  <testcase classname="com.hsh.demo.login.UserNGTest" name="testLoginWithUserAndPasswordIsCorrect" time="2.085"/>
  <testcase classname="com.hsh.demo.login.UserNGTest" name="testLoginWithUserAndPasswordNotCorrect" time="2.279"/>
  <testcase classname="com.hsh.demo.login.UserNGTest" name="testLoginWithUserNotCorrectAndPasswordNotCorrect" time="2.362"/>
</testsuite> <!-- Surefire test -->
