<?xml version="1.0" encoding="UTF-8"?>
<testsuite xmlns:xsi="http://www.w3.org/2001/XMLSchema-instance" xsi:noNamespaceSchemaLocation="https://maven.apache.org/surefire/maven-surefire-plugin/xsd/surefire-test-report-3.0.xsd" version="3.0" name="com.hsh.demo.login.UserNGTest" time="12.141" tests="3" errors="0" skipped="0" failures="0">
  <properties>
[...]
</properties>
  <testcase name="testLoginWithUserAndPasswordIsCorrect" classname="com.hsh.demo.login.UserNGTest" time="2.459">
    <system-err><![CDATA[SLF4J: Failed to load class "org.slf4j.impl.StaticLoggerBinder".
SLF4J: Defaulting to no-operation (NOP) logger implementation
SLF4J: See http://www.slf4j.org/codes.html#StaticLoggerBinder for further details.
]]></system-err>
  </testcase>
  <testcase name="testLoginWithUserAndPasswordNotCorrect" classname="com.hsh.demo.login.UserNGTest" time="2.292"/>
  <testcase name="testLoginWithUserNotCorrectAndPasswordNotCorrect" classname="com.hsh.demo.login.UserNGTest" time="2.26"/>
</testsuite>