<?xml version="1.0" encoding="UTF-8"?>
<testng-results ignored="0" total="1" passed="1" failed="0" skipped="0">
  <reporter-output>
  </reporter-output>
  <suite started-at="2024-06-11T20:53:22 ICT" name="Surefire suite" finished-at="2024-06-11T20:53:27 ICT" duration-ms="4746">
    <groups>
    </groups>
    <test started-at="2024-06-11T20:53:22 ICT" name="Surefire test" finished-at="2024-06-11T20:53:27 ICT" duration-ms="4746">
      <class name="com.hsh.demo.login.UserNGTest">
        <test-method is-config="true" signature="setUp()[pri:0, instance:com.hsh.demo.login.UserNGTest@bcef303]" started-at="2024-06-11T20:53:22 ICT" name="setUp" finished-at="2024-06-11T20:53:25 ICT" duration-ms="2745" status="PASS">
          <reporter-output>
          </reporter-output>
        </test-method> <!-- setUp -->
        <test-method signature="testLoginWithUserAndPasswordIsCorrect()[pri:0, instance:com.hsh.demo.login.UserNGTest@bcef303]" started-at="2024-06-11T20:53:25 ICT" name="testLoginWithUserAndPasswordIsCorrect" finished-at="2024-06-11T20:53:27 ICT" duration-ms="1861" status="PASS">
          <reporter-output>
          </reporter-output>
        </test-method> <!-- testLoginWithUserAndPasswordIsCorrect -->
        <test-method is-config="true" signature="tearDown()[pri:0, instance:com.hsh.demo.login.UserNGTest@bcef303]" started-at="2024-06-11T20:53:27 ICT" name="tearDown" finished-at="2024-06-11T20:53:27 ICT" duration-ms="115" status="PASS">
          <reporter-output>
          </reporter-output>
        </test-method> <!-- tearDown -->
      </class> <!-- com.hsh.demo.login.UserNGTest -->
    </test> <!-- Surefire test -->
  </suite> <!-- Surefire suite -->
</testng-results>
